TN:
SF:src/Key/Key.ts
FN:26,Key
FN:34,generateRandomValues
FN:42,generatePublicKey
FN:59,generateWifPrivateKey
FN:65,generateAddress
FN:74,base58Check
FN:85,main
FNF:7
FNH:7
FNDA:5,Key
FNDA:6,generateRandomValues
FNDA:6,generatePublicKey
FNDA:6,generateWifPrivateKey
FNDA:6,generateAddress
FNDA:12,base58Check
FNDA:1,main
DA:1,1
DA:2,1
DA:3,1
DA:4,1
DA:5,1
DA:6,1
DA:7,1
DA:8,1
DA:9,1
DA:10,1
DA:11,1
DA:12,1
DA:13,1
DA:14,1
DA:15,1
DA:16,1
DA:17,1
DA:18,1
DA:19,1
DA:20,1
DA:21,1
DA:22,1
DA:23,1
DA:24,1
DA:25,1
DA:26,1
DA:27,5
DA:28,5
DA:29,5
DA:30,5
DA:31,5
DA:32,1
DA:33,1
DA:34,1
DA:35,6
DA:36,6
DA:37,6
DA:38,6
DA:39,6
DA:40,6
DA:41,1
DA:42,1
DA:43,6
DA:44,6
DA:45,6
DA:46,6
DA:47,6
DA:48,6
DA:49,6
DA:50,6
DA:51,6
DA:52,6
DA:53,6
DA:54,6
DA:55,6
DA:56,6
DA:57,6
DA:58,1
DA:59,1
DA:60,6
DA:61,6
DA:62,6
DA:63,6
DA:64,1
DA:65,1
DA:66,6
DA:67,6
DA:68,6
DA:69,6
DA:70,6
DA:71,6
DA:72,6
DA:73,1
DA:74,1
DA:75,12
DA:76,12
DA:77,12
DA:78,12
DA:79,12
DA:80,12
DA:81,12
DA:82,12
DA:83,1
DA:84,1
DA:85,1
DA:86,1
DA:87,1
DA:88,1
DA:89,1
LF:89
LH:89
BRDA:26,0,0,5
BRDA:34,1,0,6
BRDA:42,2,0,6
BRDA:46,3,0,0
BRDA:59,4,0,6
BRDA:65,5,0,6
BRDA:74,6,0,12
BRDA:85,7,0,1
BRF:8
BRH:7
end_of_record
